#
# A fatal error has been detected by the Java Runtime Environment:
#
#  EXCEPTION_ACCESS_VIOLATION (0xc0000005) at pc=0x0000000070aba4f0, pid=5056, tid=0x0000000000002afc
#
# JRE version: OpenJDK Runtime Environment (8.0_152-b01) (build 1.8.0_152-release-915-b01)
# Java VM: OpenJDK 64-Bit Server VM (25.152-b01 mixed mode windows-amd64 compressed oops)
# Problematic frame:
# V  [jvm.dll+0x8a4f0]
#
# Failed to write core dump. Minidumps are not enabled by default on client versions of Windows
#
# If you would like to submit a bug report, please visit:
#   http://bugreport.java.com/bugreport/crash.jsp
#

---------------  T H R E A D  ---------------

Current thread (0x0000000002be6800):  GCTaskThread [stack: 0x00000000125a0000,0x00000000126a0000] [id=11004]

siginfo: ExceptionCode=0xc0000005, reading address 0x0000000101010c50

Registers:
RAX=0x0000000000000001, RBX=0x00000000fc208178, RCX=0x00000000fc208178, RDX=0x0000000101010c48
RSP=0x000000001269f518, RBP=0x0000000000000000, RSI=0x0000000016603040, RDI=0x0000000016603040
R8 =0x0000000016603040, R9 =0x000000000000000b, R10=0x000000000000000c, R11=0x000000000000000c
R12=0x0000000071017e10, R13=0x000000000000004d, R14=0x0000000000000000, R15=0x0000000002be6ff0
RIP=0x0000000070aba4f0, EFLAGS=0x0000000000010206

Top of Stack: (sp=0x000000001269f518)
0x000000001269f518:   0000000070dfc0d2 00000000fc208168
0x000000001269f528:   0000000000000002 0000000016603040
0x000000001269f538:   0000000070dfcfe5 00000000f8bc5588
0x000000001269f548:   0000000070dfc81b 00000000bae2d688
0x000000001269f558:   0000000000000400 0000000000000000
0x000000001269f568:   0000000002be2100 0000000071017e10
0x000000001269f578:   0000000070dfc440 00000000bae2e294
0x000000001269f588:   0000000000000000 0000000016603040
0x000000001269f598:   0000000016603040 00000000bae2e294
0x000000001269f5a8:   0000000070dfcfe5 00000000fc206208
0x000000001269f5b8:   0000000000000000 0000000016603040
0x000000001269f5c8:   00000000a483fe08 00000000a483fe00
0x000000001269f5d8:   0000000000000c00 0000000000000000
0x000000001269f5e8:   0000000000000000 0000000002be6f00
0x000000001269f5f8:   000000001acb3800 0000000071044e01
0x000000001269f608:   0000000070c1f601 00009918f38ed5fc 

Instructions: (pc=0x0000000070aba4f0)
0x0000000070aba4d0:   ac 50 1d 00 48 8b 9c 24 c0 00 00 00 48 81 c4 b0
0x0000000070aba4e0:   00 00 00 5d c3 cc cc cc cc cc cc cc cc cc cc cc
0x0000000070aba4f0:   44 8b 42 08 4c 8b ca 45 85 c0 7e 0e 41 f6 c0 01
0x0000000070aba500:   75 57 41 c1 f8 03 41 8b c0 c3 79 4d 80 3d 9e f3 


Register to memory mapping:

RAX=0x0000000000000001 is an unknown value
RBX=0x00000000fc208178 is an oop

[error occurred during error reporting (printing register info), id 0xc0000005]

Stack: [0x00000000125a0000,0x00000000126a0000],  sp=0x000000001269f518,  free space=1021k
Native frames: (J=compiled Java code, j=interpreted, Vv=VM code, C=native code)


---------------  P R O C E S S  ---------------

Java Threads: ( => current thread )
  0x000000001f9c9000 JavaThread "ForkJoinPool.commonPool-worker-2" daemon [_thread_blocked, id=9200, stack(0x0000000032020000,0x0000000032120000)]
  0x000000001f9c7800 JavaThread "ForkJoinPool.commonPool-worker-1" daemon [_thread_blocked, id=2780, stack(0x0000000031f20000,0x0000000032020000)]
  0x000000001f9c8000 JavaThread "ForkJoinPool.commonPool-worker-0" daemon [_thread_blocked, id=10940, stack(0x0000000031e20000,0x0000000031f20000)]
  0x000000001f9cc000 JavaThread "ForkJoinPool.commonPool-worker-3" daemon [_thread_blocked, id=1808, stack(0x0000000031c20000,0x0000000031d20000)]
  0x000000001acb5000 JavaThread "Cache worker for Java compile cache (C:\Users\Entec01.N331808-3111\AndroidStudioProjects\MyApplication22\.gradle\4.1\javaCompile)" [_thread_blocked, id=8972, stack(0x0000000031b20000,0x0000000031c20000)]
  0x000000001acb3800 JavaThread "Task worker for ':' Thread 3" [_thread_blocked, id=1876, stack(0x0000000030d20000,0x0000000030e20000)]
  0x000000001acb6800 JavaThread "Task worker for ':' Thread 2" [_thread_blocked, id=1404, stack(0x0000000030c20000,0x0000000030d20000)]
  0x000000001acb2000 JavaThread "Task worker for ':'" [_thread_blocked, id=8240, stack(0x0000000030b20000,0x0000000030c20000)]
  0x000000001acb8000 JavaThread "Cache worker for task history cache (C:\Users\Entec01.N331808-3111\AndroidStudioProjects\MyApplication22\.gradle\4.1\taskHistory)" [_thread_blocked, id=3480, stack(0x0000000030a20000,0x0000000030b20000)]
  0x000000001a8a2000 JavaThread "Cache worker for file content cache (C:\Users\Entec01.N331808-3111\AndroidStudioProjects\MyApplication22\.gradle\4.1\fileContent)" [_thread_blocked, id=7508, stack(0x0000000030920000,0x0000000030a20000)]
  0x000000001a899000 JavaThread "build operations Thread 4" [_thread_blocked, id=10524, stack(0x0000000030820000,0x0000000030920000)]
  0x000000001a89f000 JavaThread "build operations Thread 3" [_thread_blocked, id=9812, stack(0x0000000030720000,0x0000000030820000)]
  0x000000001a8a0000 JavaThread "build operations Thread 2" [_thread_blocked, id=9040, stack(0x0000000030620000,0x0000000030720000)]
  0x000000001a89e800 JavaThread "build operations" [_thread_blocked, id=9944, stack(0x0000000030520000,0x0000000030620000)]
  0x000000001a89a800 JavaThread "Cache worker for Artifact transforms cache (C:\Users\Entec01.N331808-3111\.gradle\caches\transforms-1)" [_thread_blocked, id=1032, stack(0x0000000030420000,0x0000000030520000)]
  0x000000001a897000 JavaThread "Cache worker for file hash cache (C:\Users\Entec01.N331808-3111\AndroidStudioProjects\MyApplication22\.gradle\4.1\fileHashes)" [_thread_blocked, id=4864, stack(0x0000000030320000,0x0000000030420000)]
  0x000000001a89b800 JavaThread "Stdin handler" [_thread_blocked, id=7676, stack(0x0000000030220000,0x0000000030320000)]
  0x000000001a897800 JavaThread "Asynchronous log dispatcher for DefaultDaemonConnection: socket connection from /127.0.0.1:1947 to /127.0.0.1:2383" [_thread_blocked, id=8184, stack(0x0000000030120000,0x0000000030220000)]
  0x000000001a89d800 JavaThread "Daemon worker Thread 4" [_thread_blocked, id=7632, stack(0x0000000030020000,0x0000000030120000)]
  0x000000001a895800 JavaThread "Cancel handler" [_thread_blocked, id=7536, stack(0x000000002ff20000,0x0000000030020000)]
  0x000000001a898800 JavaThread "Handler for socket connection from /127.0.0.1:1947 to /127.0.0.1:2383" [_thread_in_native, id=7532, stack(0x000000002fe20000,0x000000002ff20000)]
  0x000000001a89a000 JavaThread "Daemon Thread 4" [_thread_blocked, id=288, stack(0x000000002fd20000,0x000000002fe20000)]
  0x000000001acb9000 JavaThread "Java2D Disposer" daemon [_thread_blocked, id=11108, stack(0x0000000025720000,0x0000000025820000)]
  0x000000001acb3000 JavaThread "Memory manager" [_thread_blocked, id=10396, stack(0x0000000020fc0000,0x00000000210c0000)]
  0x0000000019478800 JavaThread "File lock request listener" [_thread_in_native, id=9900, stack(0x000000001c160000,0x000000001c260000)]
  0x0000000019478000 JavaThread "Cache worker for file hash cache (C:\Users\Entec01.N331808-3111\.gradle\caches\4.1\fileHashes)" [_thread_blocked, id=10712, stack(0x000000001c060000,0x000000001c160000)]
  0x0000000019075000 JavaThread "Daemon periodic checks" [_thread_blocked, id=10244, stack(0x000000001b760000,0x000000001b860000)]
  0x00000000194d9000 JavaThread "Incoming local TCP Connector on port 1947" [_thread_in_native, id=10672, stack(0x000000001b280000,0x000000001b380000)]
  0x0000000017fc8800 JavaThread "Service Thread" daemon [_thread_blocked, id=10288, stack(0x00000000183a0000,0x00000000184a0000)]
  0x0000000016644000 JavaThread "C1 CompilerThread2" daemon [_thread_blocked, id=10664, stack(0x0000000017ea0000,0x0000000017fa0000)]
  0x0000000016641000 JavaThread "C2 CompilerThread1" daemon [_thread_blocked, id=10660, stack(0x0000000017da0000,0x0000000017ea0000)]
  0x000000001663e800 JavaThread "C2 CompilerThread0" daemon [_thread_blocked, id=10652, stack(0x0000000017ca0000,0x0000000017da0000)]
  0x000000001663a000 JavaThread "Attach Listener" daemon [_thread_blocked, id=10656, stack(0x0000000017ba0000,0x0000000017ca0000)]
  0x0000000016639000 JavaThread "Signal Dispatcher" daemon [_thread_blocked, id=3504, stack(0x0000000017aa0000,0x0000000017ba0000)]
  0x0000000016628800 JavaThread "Finalizer" daemon [_thread_blocked, id=5524, stack(0x00000000178b0000,0x00000000179b0000)]
  0x0000000002cc0800 JavaThread "Reference Handler" daemon [_thread_blocked, id=3540, stack(0x00000000177b0000,0x00000000178b0000)]
  0x0000000002bcd800 JavaThread "main" [_thread_blocked, id=10668, stack(0x00000000029f0000,0x0000000002af0000)]

Other Threads:
  0x0000000016605800 VMThread [stack: 0x00000000176b0000,0x00000000177b0000] [id=10204]
  0x000000001669d800 WatcherThread [stack: 0x00000000184a0000,0x00000000185a0000] [id=10628]

=>0x0000000002be6800 (exited) GCTaskThread [stack: 0x00000000125a0000,0x00000000126a0000] [id=11004]

VM state:at safepoint (normal execution)

VM Mutex/Monitor currently owned by a thread:  ([mutex/lock_event])
[0x0000000002bccd60] Threads_lock - owner thread: 0x0000000016605800
[0x0000000002bcc5e0] Heap_lock - owner thread: 0x000000001acb3800

Heap:
 PSYoungGen      total 451584K, used 441025K [0x00000000e0000000, 0x00000000ff180000, 0x0000000100000000)
  eden space 400896K, 100% used [0x00000000e0000000,0x00000000f8780000,0x00000000f8780000)
  from space 50688K, 79% used [0x00000000fbc00000,0x00000000fe330788,0x00000000fed80000)
  to   space 53760K, 15% used [0x00000000f8780000,0x00000000f8fbd9c8,0x00000000fbc00000)
 ParOldGen       total 981504K, used 802380K [0x00000000a0000000, 0x00000000dbe80000, 0x00000000e0000000)
  object space 981504K, 81% used [0x00000000a0000000,0x00000000d0f93290,0x00000000dbe80000)
 Metaspace       used 89320K, capacity 94999K, committed 95192K, reserved 1132544K
  class space    used 11314K, capacity 12708K, committed 12800K, reserved 1048576K

Card table byte_map: [0x0000000012090000,0x00000000123a0000] byte_map_base: 0x0000000011b90000

Marking Bits: (ParMarkBitMap*) 0x00000000711f3950
 Begin Bits: [0x00000000129a0000, 0x00000000141a0000)
 End Bits:   [0x00000000141a0000, 0x00000000159a0000)

Polling page: 0x0000000000d50000

CodeCache: size=245760Kb used=61656Kb max_used=61669Kb free=184103Kb
 bounds [0x0000000002cd0000, 0x0000000006960000, 0x0000000011cd0000]
 total_blobs=17647 nmethods=16679 adapters=881
 compilation: enabled

Compilation events (10 events):
Event: 2573.931 Thread 0x0000000016644000 nmethod 20845 0x000000000693fc90 code [0x000000000693fde0, 0x000000000693ff90]
Event: 2573.932 Thread 0x0000000016644000 20846       3       java.util.zip.ZipFile$ZipEntryIterator::nextElement (5 bytes)
Event: 2573.932 Thread 0x0000000016644000 nmethod 20846 0x000000000693f850 code [0x000000000693f9c0, 0x000000000693fba8]
Event: 2573.935 Thread 0x0000000016644000 20847       3       com.google.common.io.ByteStreams::toByteArray (28 bytes)
Event: 2573.935 Thread 0x000000001663e800 20848       4       java.util.zip.ZipCoder::toString (190 bytes)
Event: 2573.936 Thread 0x0000000016644000 nmethod 20847 0x0000000006952fd0 code [0x00000000069531a0, 0x00000000069539f8]
Event: 2573.941 Thread 0x0000000016644000 20849       3       com.android.builder.dexing.DexArchiveEntry::<init> (15 bytes)
Event: 2573.941 Thread 0x0000000016644000 nmethod 20849 0x0000000006955b90 code [0x0000000006955ce0, 0x0000000006955eb0]
Event: 2573.943 Thread 0x000000001663e800 nmethod 20848 0x0000000006959310 code [0x00000000069594c0, 0x0000000006959c68]
Event: 2573.959 Thread 0x0000000016641000 20850       4       com.google.common.io.ByteStreams::copy (51 bytes)

GC Heap History (10 events):
Event: 2561.603 GC heap after
Heap after GC invocations=25 (full 3):
 PSYoungGen      total 315904K, used 32749K [0x00000000e0000000, 0x00000000f7000000, 0x0000000100000000)
  eden space 278528K, 0% used [0x00000000e0000000,0x00000000e0000000,0x00000000f1000000)
  from space 37376K, 87% used [0x00000000f3780000,0x00000000f577b798,0x00000000f5c00000)
  to   space 40448K, 0% used [0x00000000f1000000,0x00000000f1000000,0x00000000f3780000)
 ParOldGen       total 266752K, used 69464K [0x00000000a0000000, 0x00000000b0480000, 0x00000000e0000000)
  object space 266752K, 26% used [0x00000000a0000000,0x00000000a43d6098,0x00000000b0480000)
 Metaspace       used 89057K, capacity 94773K, committed 94936K, reserved 1132544K
  class space    used 11294K, capacity 12701K, committed 12800K, reserved 1048576K
}
Event: 2563.338 GC heap before
{Heap before GC invocations=26 (full 3):
 PSYoungGen      total 315904K, used 311277K [0x00000000e0000000, 0x00000000f7000000, 0x0000000100000000)
  eden space 278528K, 100% used [0x00000000e0000000,0x00000000f1000000,0x00000000f1000000)
  from space 37376K, 87% used [0x00000000f3780000,0x00000000f577b798,0x00000000f5c00000)
  to   space 40448K, 0% used [0x00000000f1000000,0x00000000f1000000,0x00000000f3780000)
 ParOldGen       total 266752K, used 69464K [0x00000000a0000000, 0x00000000b0480000, 0x00000000e0000000)
  object space 266752K, 26% used [0x00000000a0000000,0x00000000a43d6098,0x00000000b0480000)
 Metaspace       used 89082K, capacity 94837K, committed 94936K, reserved 1132544K
  class space    used 11294K, capacity 12701K, committed 12800K, reserved 1048576K
Event: 2563.405 GC heap after
Heap after GC invocations=26 (full 3):
 PSYoungGen      total 318976K, used 34621K [0x00000000e0000000, 0x00000000fa280000, 0x0000000100000000)
  eden space 278528K, 0% used [0x00000000e0000000,0x00000000e0000000,0x00000000f1000000)
  from space 40448K, 85% used [0x00000000f1000000,0x00000000f31cf768,0x00000000f3780000)
  to   space 43520K, 0% used [0x00000000f7800000,0x00000000f7800000,0x00000000fa280000)
 ParOldGen       total 266752K, used 70440K [0x00000000a0000000, 0x00000000b0480000, 0x00000000e0000000)
  object space 266752K, 26% used [0x00000000a0000000,0x00000000a44ca0f8,0x00000000b0480000)
 Metaspace       used 89082K, capacity 94837K, committed 94936K, reserved 1132544K
  class space    used 11294K, capacity 12701K, committed 12800K, reserved 1048576K
}
Event: 2564.660 GC heap before
{Heap before GC invocations=27 (full 3):
 PSYoungGen      total 318976K, used 313149K [0x00000000e0000000, 0x00000000fa280000, 0x0000000100000000)
  eden space 278528K, 100% used [0x00000000e0000000,0x00000000f1000000,0x00000000f1000000)
  from space 40448K, 85% used [0x00000000f1000000,0x00000000f31cf768,0x00000000f3780000)
  to   space 43520K, 0% used [0x00000000f7800000,0x00000000f7800000,0x00000000fa280000)
 ParOldGen       total 266752K, used 70440K [0x00000000a0000000, 0x00000000b0480000, 0x00000000e0000000)
  object space 266752K, 26% used [0x00000000a0000000,0x00000000a44ca0f8,0x00000000b0480000)
 Metaspace       used 89093K, capacity 94837K, committed 94936K, reserved 1132544K
  class space    used 11294K, capacity 12701K, committed 12800K, reserved 1048576K
Event: 2564.724 GC heap after
Heap after GC invocations=27 (full 3):
 PSYoungGen      total 381440K, used 37517K [0x00000000e0000000, 0x00000000fae80000, 0x0000000100000000)
  eden space 337920K, 0% used [0x00000000e0000000,0x00000000e0000000,0x00000000f4a00000)
  from space 43520K, 86% used [0x00000000f7800000,0x00000000f9ca3778,0x00000000fa280000)
  to   space 47104K, 0% used [0x00000000f4a00000,0x00000000f4a00000,0x00000000f7800000)
 ParOldGen       total 266752K, used 71136K [0x00000000a0000000, 0x00000000b0480000, 0x00000000e0000000)
  object space 266752K, 26% used [0x00000000a0000000,0x00000000a4578158,0x00000000b0480000)
 Metaspace       used 89093K, capacity 94837K, committed 94936K, reserved 1132544K
  class space    used 11294K, capacity 12701K, committed 12800K, reserved 1048576K
}
Event: 2566.263 GC heap before
{Heap before GC invocations=28 (full 3):
 PSYoungGen      total 381440K, used 375437K [0x00000000e0000000, 0x00000000fae80000, 0x0000000100000000)
  eden space 337920K, 100% used [0x00000000e0000000,0x00000000f4a00000,0x00000000f4a00000)
  from space 43520K, 86% used [0x00000000f7800000,0x00000000f9ca3778,0x00000000fa280000)
  to   space 47104K, 0% used [0x00000000f4a00000,0x00000000f4a00000,0x00000000f7800000)
 ParOldGen       total 266752K, used 71136K [0x00000000a0000000, 0x00000000b0480000, 0x00000000e0000000)
  object space 266752K, 26% used [0x00000000a0000000,0x00000000a4578158,0x00000000b0480000)
 Metaspace       used 89104K, capacity 94837K, committed 94936K, reserved 1132544K
  class space    used 11295K, capacity 12701K, committed 12800K, reserved 1048576K
Event: 2566.355 GC heap after
Heap after GC invocations=28 (full 3):
 PSYoungGen      total 385024K, used 39757K [0x00000000e0000000, 0x00000000fed80000, 0x0000000100000000)
  eden space 337920K, 0% used [0x00000000e0000000,0x00000000e0000000,0x00000000f4a00000)
  from space 47104K, 84% used [0x00000000f4a00000,0x00000000f70d37b8,0x00000000f7800000)
  to   space 50688K, 0% used [0x00000000fbc00000,0x00000000fbc00000,0x00000000fed80000)
 ParOldGen       total 266752K, used 72782K [0x00000000a0000000, 0x00000000b0480000, 0x00000000e0000000)
  object space 266752K, 27% used [0x00000000a0000000,0x00000000a4713b70,0x00000000b0480000)
 Metaspace       used 89104K, capacity 94837K, committed 94936K, reserved 1132544K
  class space    used 11295K, capacity 12701K, committed 12800K, reserved 1048576K
}
Event: 2568.896 GC heap before
{Heap before GC invocations=29 (full 3):
 PSYoungGen      total 385024K, used 377677K [0x00000000e0000000, 0x00000000fed80000, 0x0000000100000000)
  eden space 337920K, 100% used [0x00000000e0000000,0x00000000f4a00000,0x00000000f4a00000)
  from space 47104K, 84% used [0x00000000f4a00000,0x00000000f70d37b8,0x00000000f7800000)
  to   space 50688K, 0% used [0x00000000fbc00000,0x00000000fbc00000,0x00000000fed80000)
 ParOldGen       total 266752K, used 72782K [0x00000000a0000000, 0x00000000b0480000, 0x00000000e0000000)
  object space 266752K, 27% used [0x00000000a0000000,0x00000000a4713b70,0x00000000b0480000)
 Metaspace       used 89119K, capacity 94837K, committed 94936K, reserved 1132544K
  class space    used 11296K, capacity 12701K, committed 12800K, reserved 1048576K
Event: 2568.968 GC heap after
Heap after GC invocations=29 (full 3):
 PSYoungGen      total 451584K, used 40129K [0x00000000e0000000, 0x00000000ff180000, 0x0000000100000000)
  eden space 400896K, 0% used [0x00000000e0000000,0x00000000e0000000,0x00000000f8780000)
  from space 50688K, 79% used [0x00000000fbc00000,0x00000000fe330788,0x00000000fed80000)
  to   space 53760K, 0% used [0x00000000f8780000,0x00000000f8780000,0x00000000fbc00000)
 ParOldGen       total 266752K, used 73998K [0x00000000a0000000, 0x00000000b0480000, 0x00000000e0000000)
  object space 266752K, 27% used [0x00000000a0000000,0x00000000a4843928,0x00000000b0480000)
 Metaspace       used 89119K, capacity 94837K, committed 94936K, reserved 1132544K
  class space    used 11296K, capacity 12701K, committed 12800K, reserved 1048576K
}
Event: 2573.959 GC heap before
{Heap before GC invocations=30 (full 3):
 PSYoungGen      total 451584K, used 441025K [0x00000000e0000000, 0x00000000ff180000, 0x0000000100000000)
  eden space 400896K, 100% used [0x00000000e0000000,0x00000000f8780000,0x00000000f8780000)
  from space 50688K, 79% used [0x00000000fbc00000,0x00000000fe330788,0x00000000fed80000)
  to   space 53760K, 0% used [0x00000000f8780000,0x00000000f8780000,0x00000000fbc00000)
 ParOldGen       total 266752K, used 73998K [0x00000000a0000000, 0x00000000b0480000, 0x00000000e0000000)
  object space 266752K, 27% used [0x00000000a0000000,0x00000000a4843928,0x00000000b0480000)
 Metaspace       used 89320K, capacity 94999K, committed 95192K, reserved 1132544K
  class space    used 11314K, capacity 12708K, committed 12800K, reserved 1048576K

Deoptimization events (10 events):
Event: 2572.364 Thread 0x000000001acb3800 Uncommon trap: reason=class_check action=maybe_recompile pc=0x0000000004ba8a30 method=com.google.common.collect.AbstractMapBasedMultimap$WrappedCollection.refreshIfEmpty()V @ 40
Event: 2572.364 Thread 0x000000001acb3800 Uncommon trap: reason=class_check action=maybe_recompile pc=0x0000000004d55078 method=com.google.common.base.Joiner.toString(Ljava/lang/Object;)Ljava/lang/CharSequence; @ 6
Event: 2572.364 Thread 0x000000001acb3800 Uncommon trap: reason=class_check action=maybe_recompile pc=0x0000000005746fd0 method=com.google.common.collect.AbstractMapBasedMultimap$WrappedCollection$WrappedIterator.hasNext()Z @ 8
Event: 2572.364 Thread 0x000000001acb3800 Uncommon trap: reason=class_check action=maybe_recompile pc=0x0000000004ba8a30 method=com.google.common.collect.AbstractMapBasedMultimap$WrappedCollection.refreshIfEmpty()V @ 40
Event: 2572.364 Thread 0x000000001acb3800 Uncommon trap: reason=class_check action=maybe_recompile pc=0x0000000004d55078 method=com.google.common.base.Joiner.toString(Ljava/lang/Object;)Ljava/lang/CharSequence; @ 6
Event: 2572.364 Thread 0x000000001acb3800 Uncommon trap: reason=class_check action=maybe_recompile pc=0x0000000005746fd0 method=com.google.common.collect.AbstractMapBasedMultimap$WrappedCollection$WrappedIterator.hasNext()Z @ 8
Event: 2572.364 Thread 0x000000001acb3800 Uncommon trap: reason=class_check action=maybe_recompile pc=0x0000000004ba8a30 method=com.google.common.collect.AbstractMapBasedMultimap$WrappedCollection.refreshIfEmpty()V @ 40
Event: 2572.364 Thread 0x000000001acb3800 Uncommon trap: reason=class_check action=maybe_recompile pc=0x0000000004d55078 method=com.google.common.base.Joiner.toString(Ljava/lang/Object;)Ljava/lang/CharSequence; @ 6
Event: 2572.364 Thread 0x000000001acb3800 Uncommon trap: reason=class_check action=maybe_recompile pc=0x0000000004be9320 method=com.google.common.collect.AbstractMapBasedMultimap$WrappedCollection.refreshIfEmpty()V @ 40
Event: 2573.733 Thread 0x000000001acb3800 Uncommon trap: reason=unstable_if action=reinterpret pc=0x0000000005a20c5c method=sun.nio.cs.SingleByte$Decoder.decodeArrayLoop(Ljava/nio/ByteBuffer;Ljava/nio/CharBuffer;)Ljava/nio/charset/CoderResult; @ 70

Classes redefined (0 events):
No events

Internal exceptions (10 events):
Event: 2572.163 Thread 0x000000001f9c7800 Exception <a 'sun/nio/fs/WindowsException'> (0x00000000f1ca6770) thrown at [D:\src\AOSP-openjdk-cygwin\jdk8u\hotspot\src\share\vm\prims\jni.cpp, line 709]
Event: 2572.163 Thread 0x000000001f9c7800 Exception <a 'sun/nio/fs/WindowsException'> (0x00000000f1ca7050) thrown at [D:\src\AOSP-openjdk-cygwin\jdk8u\hotspot\src\share\vm\prims\jni.cpp, line 709]
Event: 2572.163 Thread 0x000000001f9c7800 Exception <a 'sun/nio/fs/WindowsException'> (0x00000000f1ca78c0) thrown at [D:\src\AOSP-openjdk-cygwin\jdk8u\hotspot\src\share\vm\prims\jni.cpp, line 709]
Event: 2572.163 Thread 0x000000001f9c7800 Exception <a 'sun/nio/fs/WindowsException'> (0x00000000f1ca8180) thrown at [D:\src\AOSP-openjdk-cygwin\jdk8u\hotspot\src\share\vm\prims\jni.cpp, line 709]
Event: 2572.163 Thread 0x000000001f9c7800 Exception <a 'sun/nio/fs/WindowsException'> (0x00000000f1ca89a0) thrown at [D:\src\AOSP-openjdk-cygwin\jdk8u\hotspot\src\share\vm\prims\jni.cpp, line 709]
Event: 2572.163 Thread 0x000000001f9c7800 Exception <a 'sun/nio/fs/WindowsException'> (0x00000000f1ca9250) thrown at [D:\src\AOSP-openjdk-cygwin\jdk8u\hotspot\src\share\vm\prims\jni.cpp, line 709]
Event: 2572.329 Thread 0x000000001f9c8000 Exception <a 'sun/nio/fs/WindowsException'> (0x00000000f39a9500) thrown at [D:\src\AOSP-openjdk-cygwin\jdk8u\hotspot\src\share\vm\prims\jni.cpp, line 709]
Event: 2572.335 Thread 0x000000001f9c8000 Exception <a 'sun/nio/fs/WindowsException'> (0x00000000f39cdff0) thrown at [D:\src\AOSP-openjdk-cygwin\jdk8u\hotspot\src\share\vm\prims\jni.cpp, line 709]
Event: 2572.346 Thread 0x000000001f9c8000 Exception <a 'sun/nio/fs/WindowsException'> (0x00000000f39f43a8) thrown at [D:\src\AOSP-openjdk-cygwin\jdk8u\hotspot\src\share\vm\prims\jni.cpp, line 709]
Event: 2572.349 Thread 0x000000001f9c8000 Exception <a 'sun/nio/fs/WindowsException'> (0x00000000f3a06888) thrown at [D:\src\AOSP-openjdk-cygwin\jdk8u\hotspot\src\share\vm\prims\jni.cpp, line 709]

Events (10 events):
Event: 2573.928 loading class com/android/builder/dexing/DexMergingStrategy done
Event: 2573.929 loading class com/android/builder/dexing/DexArchiveMergerException
Event: 2573.929 loading class com/android/builder/dexing/DexArchiveMergerException done
Event: 2573.929 loading class com/android/builder/dexing/ReferenceCountMergingStrategy
Event: 2573.929 loading class com/android/builder/dexing/ReferenceCountMergingStrategy done
Event: 2573.930 loading class com/android/builder/dexing/DxDexArchiveMerger$1
Event: 2573.930 loading class com/android/builder/dexing/DxDexArchiveMerger$1 done
Event: 2573.930 loading class com/android/builder/dexing/DexArchiveEntry
Event: 2573.930 loading class com/android/builder/dexing/DexArchiveEntry done
Event: 2573.959 Executing VM operation: ParallelGCFailedAllocation


Dynamic libraries:
0x00007ff6ecc70000 - 0x00007ff6ecca1000 	C:\Program Files\Android\Android Studio2\jre\bin\java.exe
0x00007ffcbb960000 - 0x00007ffcbbb3b000 	C:\Windows\SYSTEM32\ntdll.dll
0x00007ffcb9300000 - 0x00007ffcb93ae000 	C:\Windows\System32\KERNEL32.DLL
0x00007ffcb80c0000 - 0x00007ffcb8309000 	C:\Windows\System32\KERNELBASE.dll
0x00007ffcbb4f0000 - 0x00007ffcbb591000 	C:\Windows\System32\ADVAPI32.dll
0x00007ffcbab70000 - 0x00007ffcbac0d000 	C:\Windows\System32\msvcrt.dll
0x00007ffcbac10000 - 0x00007ffcbac69000 	C:\Windows\System32\sechost.dll
0x00007ffcbadd0000 - 0x00007ffcbaef5000 	C:\Windows\System32\RPCRT4.dll
0x00007ffcbb800000 - 0x00007ffcbb94a000 	C:\Windows\System32\USER32.dll
0x00007ffcb8380000 - 0x00007ffcb839e000 	C:\Windows\System32\win32u.dll
0x00007ffcbb350000 - 0x00007ffcbb377000 	C:\Windows\System32\GDI32.dll
0x00007ffcb7e80000 - 0x00007ffcb8008000 	C:\Windows\System32\gdi32full.dll
0x00007ffcb8e20000 - 0x00007ffcb8eba000 	C:\Windows\System32\msvcp_win.dll
0x00007ffcb8d20000 - 0x00007ffcb8e16000 	C:\Windows\System32\ucrtbase.dll
0x00007ffca7020000 - 0x00007ffca7287000 	C:\Windows\WinSxS\amd64_microsoft.windows.common-controls_6595b64144ccf1df_6.0.15063.483_none_26002d27e7c744a2\COMCTL32.dll
0x00007ffcbaf00000 - 0x00007ffcbb1f9000 	C:\Windows\System32\combase.dll
0x00007ffcb8310000 - 0x00007ffcb837a000 	C:\Windows\System32\bcryptPrimitives.dll
0x00007ffcba8a0000 - 0x00007ffcba8cd000 	C:\Windows\System32\IMM32.DLL
0x00000000708f0000 - 0x00000000709c2000 	C:\Program Files\Android\Android Studio2\jre\jre\bin\msvcr100.dll
0x0000000070a30000 - 0x000000007126e000 	C:\Program Files\Android\Android Studio2\jre\jre\bin\server\jvm.dll
0x00007ffcb93b0000 - 0x00007ffcb93b8000 	C:\Windows\System32\PSAPI.DLL
0x00007ffcb08c0000 - 0x00007ffcb08e3000 	C:\Windows\SYSTEM32\WINMM.dll
0x00007ffcae580000 - 0x00007ffcae58a000 	C:\Windows\SYSTEM32\VERSION.dll
0x00007ffcae1d0000 - 0x00007ffcae1d9000 	C:\Windows\SYSTEM32\WSOCK32.dll
0x00007ffcba9f0000 - 0x00007ffcbaa5c000 	C:\Windows\System32\WS2_32.dll
0x00007ffcb0890000 - 0x00007ffcb08bb000 	C:\Windows\SYSTEM32\WINMMBASE.dll
0x00007ffcb8400000 - 0x00007ffcb8449000 	C:\Windows\System32\cfgmgr32.dll
0x00007ffcb2ca0000 - 0x00007ffcb2caf000 	C:\Program Files\Android\Android Studio2\jre\jre\bin\verify.dll
0x00007ffc8d670000 - 0x00007ffc8d699000 	C:\Program Files\Android\Android Studio2\jre\jre\bin\java.dll
0x00007ffcb2a40000 - 0x00007ffcb2a56000 	C:\Program Files\Android\Android Studio2\jre\jre\bin\zip.dll
0x00007ffcb9460000 - 0x00007ffcba897000 	C:\Windows\System32\SHELL32.dll
0x00007ffcbaac0000 - 0x00007ffcbab6a000 	C:\Windows\System32\shcore.dll
0x00007ffcb8620000 - 0x00007ffcb8d12000 	C:\Windows\System32\windows.storage.dll
0x00007ffcbb600000 - 0x00007ffcbb651000 	C:\Windows\System32\shlwapi.dll
0x00007ffcb7dd0000 - 0x00007ffcb7de1000 	C:\Windows\System32\kernel.appcore.dll
0x00007ffcb7e10000 - 0x00007ffcb7e5c000 	C:\Windows\System32\powrprof.dll
0x00007ffcb7df0000 - 0x00007ffcb7e05000 	C:\Windows\System32\profapi.dll
0x00007ffca1f40000 - 0x00007ffca1f5a000 	C:\Program Files\Android\Android Studio2\jre\jre\bin\net.dll
0x00007ffcb76e0000 - 0x00007ffcb773c000 	C:\Windows\system32\mswsock.dll
0x00007ffc8d650000 - 0x00007ffc8d661000 	C:\Program Files\Android\Android Studio2\jre\jre\bin\nio.dll
0x00007ffcb1270000 - 0x00007ffcb128e000 	C:\Users\Entec01.N331808-3111\.gradle\native\25\windows-amd64\native-platform.dll
0x00007ffcb34d0000 - 0x00007ffcb34dd000 	C:\Program Files\Android\Android Studio2\jre\jre\bin\management.dll
0x00007ffcb7880000 - 0x00007ffcb7897000 	C:\Windows\SYSTEM32\CRYPTSP.dll
0x00007ffcb72b0000 - 0x00007ffcb72e4000 	C:\Windows\system32\rsaenh.dll
0x00007ffcb7990000 - 0x00007ffcb79b5000 	C:\Windows\SYSTEM32\bcrypt.dll
0x00007ffcb7d00000 - 0x00007ffcb7d29000 	C:\Windows\SYSTEM32\USERENV.dll
0x00007ffcb78a0000 - 0x00007ffcb78ab000 	C:\Windows\SYSTEM32\CRYPTBASE.dll
0x00007ffcb7420000 - 0x00007ffcb7457000 	C:\Windows\SYSTEM32\IPHLPAPI.DLL
0x00007ffcbb950000 - 0x00007ffcbb958000 	C:\Windows\System32\NSI.dll
0x00007ffcb3cc0000 - 0x00007ffcb3cd6000 	C:\Windows\SYSTEM32\dhcpcsvc6.DLL
0x00007ffcb3ca0000 - 0x00007ffcb3cba000 	C:\Windows\SYSTEM32\dhcpcsvc.DLL
0x00007ffca3670000 - 0x00007ffca3694000 	C:\Program Files\Android\Android Studio2\jre\jre\bin\sunec.dll
0x00007ffcb7460000 - 0x00007ffcb7504000 	C:\Windows\SYSTEM32\DNSAPI.dll
0x00007ffcb1500000 - 0x00007ffcb150a000 	C:\Windows\System32\rasadhlp.dll
0x00007ffcb4780000 - 0x00007ffcb47eb000 	C:\Windows\System32\fwpuclnt.dll
0x00007ffcb3400000 - 0x00007ffcb340b000 	C:\Program Files\Android\Android Studio2\jre\jre\bin\sunmscapi.dll
0x00007ffcb8450000 - 0x00007ffcb8619000 	C:\Windows\System32\CRYPT32.dll
0x00007ffcb7e60000 - 0x00007ffcb7e71000 	C:\Windows\System32\MSASN1.dll
0x00007ffc8d4b0000 - 0x00007ffc8d645000 	C:\Program Files\Android\Android Studio2\jre\jre\bin\awt.dll
0x00007ffcbac70000 - 0x00007ffcbad30000 	C:\Windows\System32\OLEAUT32.dll
0x00007ffcb5240000 - 0x00007ffcb57e4000 	C:\Windows\SYSTEM32\d2d1.dll
0x00007ffcb5fc0000 - 0x00007ffcb603e000 	C:\Windows\SYSTEM32\apphelp.dll
0x00007ffcb1900000 - 0x00007ffcb192a000 	C:\Windows\system32\DWMAPI.DLL
0x00007ffcb6530000 - 0x00007ffcb65c5000 	C:\Windows\system32\uxtheme.dll
0x00007ffcb70e0000 - 0x00007ffcb7111000 	C:\Windows\SYSTEM32\ntmarta.dll
0x00007ffcad190000 - 0x00007ffcad339000 	C:\Windows\SYSTEM32\dbghelp.dll

VM Arguments:
jvm_args: -Xmx1536m -Dfile.encoding=windows-1252 -Duser.country=US -Duser.language=en -Duser.variant 
java_command: org.gradle.launcher.daemon.bootstrap.GradleDaemon 4.1
java_class_path (initial): C:\Users\Entec01.N331808-3111\.gradle\wrapper\dists\gradle-4.1-all\bzyivzo6n839fup2jbap0tjew\gradle-4.1\lib\gradle-launcher-4.1.jar
Launcher Type: SUN_STANDARD

Environment Variables:
PATH=C:\ProgramData\Oracle\Java\javapath;C:\Windows\system32;C:\Windows;C:\Windows\System32\Wbem;C:\Windows\System32\WindowsPowerShell\v1.0\;C:\Program Files (x86)\Windows Kits\8.1\Windows Performance Toolkit\;C:\Program Files\Microsoft SQL Server\120\Tools\Binn\;C:\Program Files\Microsoft SQL Server\130\Tools\Binn\;C:\Program Files\dotnet\;C:\Program Files\Git\cmd;C:\Users\Entec01.N331808-3111\AppData\Local\Microsoft\WindowsApps;
USERNAME=Entec01
OS=Windows_NT
PROCESSOR_IDENTIFIER=Intel64 Family 6 Model 37 Stepping 5, GenuineIntel



---------------  S Y S T E M  ---------------

OS: Windows 10.0 , 64 bit Build 15063 (10.0.15063.296)

CPU:total 4 (initial active 4) (2 cores per cpu, 2 threads per core) family 6 model 37 stepping 5, cmov, cx8, fxsr, mmx, sse, sse2, sse3, ssse3, sse4.1, sse4.2, popcnt, ht, tsc, tscinvbit

Memory: 4k page, physical 16766952k(11282756k free), swap 19257320k(11008036k free)

vm_info: OpenJDK 64-Bit Server VM (25.152-b01) for windows-amd64 JRE (1.8.0_152-release-915-b01), built by "builder" with MS VC++ 10.0 (VS2010)

time: Mon Jan 29 11:30:50 2018
elapsed time: 2574 seconds (0d 0h 42m 54s)

